ContactsInlineLDAP/proguard/seeds.txt
fr.prados.contacts.providers.ldap.generic.beta.BetaGenericApplication
fr.prados.contacts.providers.ldap.generic.beta.BetaGenericLdapAuthenticationService
fr.prados.contacts.providers.ldap.generic.beta.R$anim: int push_left_in
fr.prados.contacts.providers.ldap.generic.beta.R$anim: int push_left_out
fr.prados.contacts.providers.ldap.generic.beta.R$dimen: int button_minWidth
fr.prados.contacts.providers.ldap.generic.beta.R$dimen: int edit_photo_size
fr.prados.contacts.providers.ldap.generic.beta.R$dimen: int photo_resize
fr.prados.contacts.providers.ldap.generic.beta.R$drawable: int app_icon
fr.prados.contacts.providers.ldap.generic.beta.R$drawable: int ic_btn_back
fr.prados.contacts.providers.ldap.generic.beta.R$drawable: int ic_btn_done
fr.prados.contacts.providers.ldap.generic.beta.R$drawable: int ic_btn_next
fr.prados.contacts.providers.ldap.generic.beta.R$drawable: int ic_menu_manage
fr.prados.contacts.providers.ldap.generic.beta.R$drawable: int mini_app_icon
fr.prados.contacts.providers.ldap.generic.beta.R$id: int account_basedn
fr.prados.contacts.providers.ldap.generic.beta.R$id: int account_help
fr.prados.contacts.providers.ldap.generic.beta.R$id: int account_label_basedn
fr.prados.contacts.providers.ldap.generic.beta.R$id: int account_mapping
fr.prados.contacts.providers.ldap.generic.beta.R$id: int account_normal
fr.prados.contacts.providers.ldap.generic.beta.R$id: int account_password
fr.prados.contacts.providers.ldap.generic.beta.R$id: int account_quick_password
fr.prados.contacts.providers.ldap.generic.beta.R$id: int account_quick_username
fr.prados.contacts.providers.ldap.generic.beta.R$id: int account_ssl
fr.prados.contacts.providers.ldap.generic.beta.R$id: int account_tls
fr.prados.contacts.providers.ldap.generic.beta.R$id: int account_username
fr.prados.contacts.providers.ldap.generic.beta.R$id: int btn_back_p2
fr.prados.contacts.providers.ldap.generic.beta.R$id: int btn_back_p3
fr.prados.contacts.providers.ldap.generic.beta.R$id: int btn_done
fr.prados.contacts.providers.ldap.generic.beta.R$id: int btn_done_p2
fr.prados.contacts.providers.ldap.generic.beta.R$id: int btn_done_p3
fr.prados.contacts.providers.ldap.generic.beta.R$id: int btn_next_p1
fr.prados.contacts.providers.ldap.generic.beta.R$id: int btn_next_p2
fr.prados.contacts.providers.ldap.generic.beta.R$id: int instructions
fr.prados.contacts.providers.ldap.generic.beta.R$id: int invite
fr.prados.contacts.providers.ldap.generic.beta.R$id: int know
fr.prados.contacts.providers.ldap.generic.beta.R$layout: int page1
fr.prados.contacts.providers.ldap.generic.beta.R$layout: int page2
fr.prados.contacts.providers.ldap.generic.beta.R$layout: int page3
fr.prados.contacts.providers.ldap.generic.beta.R$layout: int predefinedwizard
fr.prados.contacts.providers.ldap.generic.beta.R$layout: int wizard
fr.prados.contacts.providers.ldap.generic.beta.R$raw: int eula
fr.prados.contacts.providers.ldap.generic.beta.R$raw: int update
...
fr.prados.contacts.providers.ldap.LdapKnowParameters
fr.prados.contacts.providers.ldap.LdapKnowParameters: android.os.Parcelable$Creator CREATOR
fr.prados.contacts.providers.ldap.LdapProvider
fr.prados.contacts.providers.ldap.LdapProviderService
fr.prados.contacts.providers.ldap.LdapSyncAdapterService
fr.prados.contacts.providers.ldap.PanelSwitcher
fr.prados.contacts.providers.ldap.PanelSwitcher: PanelSwitcher(android.content.Context,android.util.AttributeSet)
fr.prados.contacts.providers.ldap.PredefinedServerWizardActivity
fr.prados.contacts.providers.ldap.generic.GenericApplication
fr.prados.contacts.providers.ldap.generic.GenericLdapAuthenticationService
fr.prados.contacts.providers.ldap.generic.GenericLdapAuthenticationService$GenericLDAPAuthenticator
fr.prados.contacts.providers.ldap.generic.GenericWizardActivity
fr.prados.contacts.tools.RateActivity
fr.prados.provider.contacts.ldap.R$anim: int push_left_in
fr.prados.provider.contacts.ldap.R$anim: int push_left_out
fr.prados.provider.contacts.ldap.R$dimen: int button_minWidth
fr.prados.provider.contacts.ldap.R$dimen: int edit_photo_size
fr.prados.provider.contacts.ldap.R$dimen: int photo_resize
fr.prados.provider.contacts.ldap.R$drawable: int app_icon
fr.prados.provider.contacts.ldap.R$drawable: int ic_btn_back
fr.prados.provider.contacts.ldap.R$drawable: int ic_btn_done
fr.prados.provider.contacts.ldap.R$drawable: int ic_btn_next
fr.prados.provider.contacts.ldap.R$drawable: int ic_menu_manage
fr.prados.provider.contacts.ldap.R$drawable: int mini_app_icon
fr.prados.provider.contacts.ldap.R$id: int account_basedn
fr.prados.provider.contacts.ldap.R$id: int account_help
fr.prados.provider.contacts.ldap.R$id: int account_label_basedn
fr.prados.provider.contacts.ldap.R$id: int account_mapping
fr.prados.provider.contacts.ldap.R$id: int account_normal
fr.prados.provider.contacts.ldap.R$id: int account_password
fr.prados.provider.contacts.ldap.R$id: int account_quick_password
fr.prados.provider.contacts.ldap.R$id: int account_quick_username
fr.prados.provider.contacts.ldap.R$id: int account_ssl
fr.prados.provider.contacts.ldap.R$id: int account_tls
fr.prados.provider.contacts.ldap.R$id: int account_username
fr.prados.provider.contacts.ldap.R$id: int btn_back_p2
fr.prados.provider.contacts.ldap.R$id: int btn_back_p3
fr.prados.provider.contacts.ldap.R$id: int btn_done
fr.prados.provider.contacts.ldap.R$id: int btn_done_p2
fr.prados.provider.contacts.ldap.R$id: int btn_done_p3
fr.prados.provider.contacts.ldap.R$id: int btn_next_p1
fr.prados.provider.contacts.ldap.R$id: int btn_next_p2
fr.prados.provider.contacts.ldap.R$id: int instructions
fr.prados.provider.contacts.ldap.R$id: int invite
fr.prados.provider.contacts.ldap.R$id: int know
fr.prados.provider.contacts.ldap.R$id: int label_account_quick_password
fr.prados.provider.contacts.ldap.R$id: int label_account_quick_username
fr.prados.provider.contacts.ldap.R$id: int label_hostname
fr.prados.provider.contacts.ldap.R$id: int ldap_crypt
fr.prados.provider.contacts.ldap.R$layout: int page1
fr.prados.provider.contacts.ldap.R$layout: int page2
fr.prados.provider.contacts.ldap.R$layout: int page3
fr.prados.provider.contacts.ldap.R$layout: int predefinedwizard
fr.prados.provider.contacts.ldap.R$layout: int wizard
fr.prados.provider.contacts.ldap.R$raw: int eula
fr.prados.provider.contacts.ldap.R$raw: int update