ContactsInlineLDAP/proguard/mapping.txt
fr.prados.contacts.providers.ldap.generic.beta.BetaGenericApplication -> fr.prados.contacts.providers.ldap.generic.beta.BetaGenericApplication:
fr.prados.contacts.providers.ldap.generic.beta.BetaGenericLdapAuthenticationService -> fr.prados.contacts.providers.ldap.generic.beta.BetaGenericLdapAuthenticationService:
...
org.acra.CrashReportDialog$2 -> org.acra.CrashReportDialog$2:
    org.acra.CrashReportDialog this$0 -> a
    void onClick(android.view.View) -> onClick
org.acra.DeviceFeaturesCollector -> org.acra.DeviceFeaturesCollector:
    java.lang.String getFeatures(android.content.Context) -> a
org.acra.DropBoxCollector -> org.acra.DropBoxCollector:
    java.lang.String[] SYSTEM_TAGS -> a
    java.lang.String read(android.content.Context,java.lang.String[]) -> a
org.acra.DumpSysCollector -> org.acra.DumpSysCollector:
    java.lang.String collectMemInfo() -> a
org.acra.ErrorReporter -> org.acra.ErrorReporter:
    boolean enabled -> c
    java.util.ArrayList mReportSenders -> d
    org.acra.CrashReportData mCrashProperties -> e
    java.util.Map mCustomParameters -> a
    java.lang.String SILENT_SUFFIX -> b
    java.lang.Thread$UncaughtExceptionHandler mDfltExceptionHandler -> f
    org.acra.ErrorReporter mInstanceSingleton -> g
    android.content.Context mContext -> h
    java.lang.String mInitialConfiguration -> i
    org.acra.ReportingInteractionMode mReportingInteractionMode -> j
    void approvePendingReports() -> a
    java.lang.String createCustomInfoString() -> i
    org.acra.ErrorReporter getInstance() -> b
    void init(android.content.Context) -> a
    long getAvailableInternalMemorySize() -> j
    long getTotalInternalMemorySize() -> k
    void retrieveCrashData(android.content.Context) -> b
    java.lang.String toString(android.view.Display) -> a
    void uncaughtException(java.lang.Thread,java.lang.Throwable) -> uncaughtException
    org.acra.ErrorReporter$ReportsSenderWorker handleException(java.lang.Throwable,org.acra.ReportingInteractionMode) -> a
    org.acra.ErrorReporter$ReportsSenderWorker handleException(java.lang.Throwable) -> a
    void notifySendReport(java.lang.String) -> a
    void sendCrashReport(android.content.Context,org.acra.CrashReportData) -> a
    java.lang.String saveCrashReportFile(java.lang.String,org.acra.CrashReportData) -> a
    java.lang.String[] getCrashReportFilesList() -> c
org.acra.ErrorReporter$1 -> org.acra.ErrorReporter$1:
    org.acra.ErrorReporter this$0 -> a
    void run() -> run
org.acra.ErrorReporter$2 -> org.acra.ErrorReporter$2:
    org.acra.ErrorReporter this$0 -> a
    boolean accept(java.io.File,java.lang.String) -> accept
org.acra.ErrorReporter$ReportsSenderWorker -> org.acra.ErrorReporter$ReportsSenderWorker:
    java.lang.String mCommentedReportFileName -> b
    java.lang.String mUserComment -> c
    java.lang.String mUserEmail -> d
    boolean mSendOnlySilentReports -> e
    boolean mApprovePendingReports -> f
    org.acra.ErrorReporter this$0 -> a
    void run() -> run
    android.os.PowerManager$WakeLock acquireWakeLock() -> b
    void setUserComment(java.lang.String,java.lang.String) -> a
    void setUserEmail(java.lang.String,java.lang.String) -> b
    void setApprovePendingReports() -> a
org.acra.LogCatCollector -> org.acra.LogCatCollector:
    java.lang.String collectLogCat(java.lang.String) -> a
org.acra.ReflectionCollector -> org.acra.ReflectionCollector:
    java.lang.String collectConstants(java.lang.Class) -> a
    java.lang.String collectStaticGettersResults(java.lang.Class) -> b