ContactsInlineLDAP/proguard/usage.txt
fr.prados.contacts.providers.ldap.generic.beta.BuildConfig
fr.prados.contacts.providers.ldap.generic.beta.R
fr.prados.contacts.providers.ldap.generic.beta.R$anim
fr.prados.contacts.providers.ldap.generic.beta.R$attr
fr.prados.contacts.providers.ldap.generic.beta.R$dimen
fr.prados.contacts.providers.ldap.generic.beta.R$drawable
fr.prados.contacts.providers.ldap.generic.beta.R$id
fr.prados.contacts.providers.ldap.generic.beta.R$layout
fr.prados.contacts.providers.ldap.generic.beta.R$raw
fr.prados.contacts.providers.ldap.generic.beta.R$string
fr.prados.contacts.providers.ldap.generic.beta.R$style
fr.prados.contacts.providers.ldap.generic.beta.R$xml
...
com.unboundid.util.ssl.SSLMessages
com.unboundid.util.ssl.SSLUtil:
    133:144:public SSLUtil(javax.net.ssl.TrustManager[])
    164:182:public SSLUtil(javax.net.ssl.KeyManager,javax.net.ssl.TrustManager)
    203:221:public SSLUtil(javax.net.ssl.KeyManager[],javax.net.ssl.TrustManager[])
    233:233:public javax.net.ssl.KeyManager[] getKeyManagers()
    247:247:public javax.net.ssl.TrustManager[] getTrustManagers()
    315:319:public javax.net.ssl.SSLContext createSSLContext(java.lang.String,java.lang.String)
    358:358:public javax.net.ssl.SSLSocketFactory createSSLSocketFactory(java.lang.String)
    382:382:public javax.net.ssl.SSLSocketFactory createSSLSocketFactory(java.lang.String,java.lang.String)
    401:401:public javax.net.ssl.SSLServerSocketFactory createSSLServerSocketFactory()
    426:426:public javax.net.ssl.SSLServerSocketFactory createSSLServerSocketFactory(java.lang.String)
    454:454:public javax.net.ssl.SSLServerSocketFactory createSSLServerSocketFactory(java.lang.String,java.lang.String)
com.unboundid.util.ssl.TrustAllTrustManager:
    private static final long serialVersionUID
    78:80:public TrustAllTrustManager(boolean)
    95:95:public boolean examineValidityDates()
com.unboundid.util.ssl.TrustStoreTrustManager
com.unboundid.util.ssl.WrapperKeyManager
fr.prados.contacts.Constants:
    public static final java.lang.String TAG
    public static final boolean E
    public static final boolean W
    public static final boolean I
    public static final boolean D
    public static final boolean V
    public static final boolean DUMP
    public static final boolean PHOTO
    public static final boolean FACE_DETECTOR
    public static final boolean FACE_SHOW
    public static final boolean REQUERY_AFTER_KILL
    public static final boolean SYNC_SEARCH
    public static final int IMAGE_POOL_SIZE
    public static final int IMAGE_POOL_PRIORITY
    public static final boolean DNTOADDR
    public static final boolean DNTONAME
    public static final int NB_RETRY_DNTO
    public static final boolean USE_PRE_CONNECTION
    public static final long CACHE_TIMEOUT
    public static final int MAX_LRU
    public static final int FAKE_ERROR_PROBABILITY
    public static final boolean RECORD_LIMIT
    25:25:public Constants()
fr.prados.contacts.VolatileContact:
    private static final java.lang.String TAG
    105:115:public static android.net.Uri contactUriFromRawUri(android.content.ContentResolver,android.net.Uri)
    120:120:public java.lang.String getLookupkey()
    124:125:public fr.prados.contacts.ContactId getContactId()
    214:214:public long getId()
    218:218:public java.util.ArrayList getRawContacts()
fr.prados.contacts.VolatileContact$Copy
fr.prados.contacts.VolatileContact$Import